<?xml version="1.0" encoding="utf-8"?><testsuites name="pytest tests"><testsuite name="pytest" errors="0" failures="5" skipped="0" tests="18" time="0.520" timestamp="2026-02-01T05:45:46.520683+00:00" hostname="agent-env-72c10503-d744-499a-b876-a33e13ffa673"><testcase classname="backend.tests.test_financial_tracker.TestAuth" name="test_login_success" time="0.069" /><testcase classname="backend.tests.test_financial_tracker.TestAuth" name="test_login_invalid_credentials" time="0.002" /><testcase classname="backend.tests.test_financial_tracker.TestGoldPrice" name="test_get_gold_price" time="0.002" /><testcase classname="backend.tests.test_financial_tracker.TestGoldPrice" name="test_get_gold_price_history" time="0.002" /><testcase classname="backend.tests.test_financial_tracker.TestAccounts" name="test_get_accounts" time="0.069" /><testcase classname="backend.tests.test_financial_tracker.TestAccounts" name="test_create_account_without_initial_balance" time="0.007" /><testcase classname="backend.tests.test_financial_tracker.TestAccounts" name="test_create_account_types" time="0.028" /><testcase classname="backend.tests.test_financial_tracker.TestAccounts" name="test_create_sub_account_pocket" time="0.014" /><testcase classname="backend.tests.test_financial_tracker.TestBudgets" name="test_get_budgets" time="0.003"><failure message="assert False&#10; +  where False = isinstance(None, list)">backend/tests/test_financial_tracker.py:167: in test_get_budgets
    assert isinstance(data, list)
E   assert False
E    +  where False = isinstance(None, list)</failure></testcase><testcase classname="backend.tests.test_financial_tracker.TestBudgets" name="test_create_budget_with_month_year" time="0.005" /><testcase classname="backend.tests.test_financial_tracker.TestBudgets" name="test_get_budgets_by_month_year" time="0.002"><failure message="assert False&#10; +  where False = isinstance(None, list)">backend/tests/test_financial_tracker.py:194: in test_get_budgets_by_month_year
    assert isinstance(data, list)
E   assert False
E    +  where False = isinstance(None, list)</failure></testcase><testcase classname="backend.tests.test_financial_tracker.TestBudgets" name="test_copy_budgets_from_previous_month" time="0.014" /><testcase classname="backend.tests.test_financial_tracker.TestGoldAssets" name="test_get_gold_assets" time="0.002"><failure message="assert False&#10; +  where False = isinstance(None, list)">backend/tests/test_financial_tracker.py:239: in test_get_gold_assets
    assert isinstance(data, list)
E   assert False
E    +  where False = isinstance(None, list)</failure></testcase><testcase classname="backend.tests.test_financial_tracker.TestGoldAssets" name="test_create_gold_asset" time="0.007" /><testcase classname="backend.tests.test_financial_tracker.TestGoldAssets" name="test_gold_types" time="0.031" /><testcase classname="backend.tests.test_financial_tracker.TestGoldAssets" name="test_get_gold_summary" time="0.002" /><testcase classname="backend.tests.test_financial_tracker.TestCreditCards" name="test_get_credit_cards" time="0.004"><failure message="assert False&#10; +  where False = isinstance(None, list)">backend/tests/test_financial_tracker.py:314: in test_get_credit_cards
    assert isinstance(data, list)
E   assert False
E    +  where False = isinstance(None, list)</failure></testcase><testcase classname="backend.tests.test_financial_tracker.TestCreditCards" name="test_create_credit_card" time="0.002"><failure message="assert 400 == 201&#10; +  where 400 = &lt;Response [400]&gt;.status_code">backend/tests/test_financial_tracker.py:326: in test_create_credit_card
    assert response.status_code == 201
E   assert 400 == 201
E    +  where 400 = &lt;Response [400]&gt;.status_code</failure></testcase></testsuite></testsuites>