<?xml version="1.0" encoding="utf-8"?><testsuites name="pytest tests"><testsuite name="pytest" errors="0" failures="0" skipped="0" tests="18" time="0.391" timestamp="2026-02-01T05:46:59.998175+00:00" hostname="agent-env-72c10503-d744-499a-b876-a33e13ffa673"><testcase classname="backend.tests.test_financial_tracker.TestAuth" name="test_login_success" time="0.077" /><testcase classname="backend.tests.test_financial_tracker.TestAuth" name="test_login_invalid_credentials" time="0.003" /><testcase classname="backend.tests.test_financial_tracker.TestGoldPrice" name="test_get_gold_price" time="0.003" /><testcase classname="backend.tests.test_financial_tracker.TestGoldPrice" name="test_get_gold_price_history" time="0.002" /><testcase classname="backend.tests.test_financial_tracker.TestAccounts" name="test_get_accounts" time="0.073" /><testcase classname="backend.tests.test_financial_tracker.TestAccounts" name="test_create_account_without_initial_balance" time="0.013" /><testcase classname="backend.tests.test_financial_tracker.TestAccounts" name="test_create_account_types" time="0.020" /><testcase classname="backend.tests.test_financial_tracker.TestAccounts" name="test_create_sub_account_pocket" time="0.016" /><testcase classname="backend.tests.test_financial_tracker.TestBudgets" name="test_get_budgets" time="0.004" /><testcase classname="backend.tests.test_financial_tracker.TestBudgets" name="test_create_budget_with_month_year" time="0.006" /><testcase classname="backend.tests.test_financial_tracker.TestBudgets" name="test_get_budgets_by_month_year" time="0.002" /><testcase classname="backend.tests.test_financial_tracker.TestBudgets" name="test_copy_budgets_from_previous_month" time="0.016" /><testcase classname="backend.tests.test_financial_tracker.TestGoldAssets" name="test_get_gold_assets" time="0.002" /><testcase classname="backend.tests.test_financial_tracker.TestGoldAssets" name="test_create_gold_asset" time="0.006" /><testcase classname="backend.tests.test_financial_tracker.TestGoldAssets" name="test_gold_types" time="0.023" /><testcase classname="backend.tests.test_financial_tracker.TestGoldAssets" name="test_get_gold_summary" time="0.003" /><testcase classname="backend.tests.test_financial_tracker.TestCreditCards" name="test_get_credit_cards" time="0.002" /><testcase classname="backend.tests.test_financial_tracker.TestCreditCards" name="test_create_credit_card" time="0.006" /></testsuite></testsuites>